[2017-07-08 10:06:44.414] [DEBUG] [main] [org.mybatis.generator.internal.db.DatabaseIntrospector:46] - Retrieving column information for table "WM.SYS_USER"
[2017-07-08 10:06:44.770] [DEBUG] [main] [org.mybatis.generator.internal.db.DatabaseIntrospector:46] - Found column "PK_SYS_USER", data type 12, in table "WM.SYS_USER"
[2017-07-08 10:06:44.777] [DEBUG] [main] [org.mybatis.generator.internal.db.DatabaseIntrospector:46] - Found column "USERCODE", data type 12, in table "WM.SYS_USER"
[2017-07-08 10:06:44.779] [DEBUG] [main] [org.mybatis.generator.internal.db.DatabaseIntrospector:46] - Found column "USERNAME", data type 12, in table "WM.SYS_USER"
[2017-07-08 10:06:44.780] [DEBUG] [main] [org.mybatis.generator.internal.db.DatabaseIntrospector:46] - Found column "PWD", data type 12, in table "WM.SYS_USER"
[2017-07-08 10:06:44.782] [DEBUG] [main] [org.mybatis.generator.internal.db.DatabaseIntrospector:46] - Found column "TABMODE", data type 1, in table "WM.SYS_USER"
[2017-07-08 10:06:44.784] [DEBUG] [main] [org.mybatis.generator.internal.db.DatabaseIntrospector:46] - Found column "THEME", data type 12, in table "WM.SYS_USER"
[2017-07-08 10:06:44.785] [DEBUG] [main] [org.mybatis.generator.internal.db.DatabaseIntrospector:46] - Found column "FLAG", data type 1, in table "WM.SYS_USER"
[2017-07-08 10:06:44.787] [DEBUG] [main] [org.mybatis.generator.internal.db.DatabaseIntrospector:46] - Found column "CREATEUSER", data type 12, in table "WM.SYS_USER"
[2017-07-08 10:06:44.788] [DEBUG] [main] [org.mybatis.generator.internal.db.DatabaseIntrospector:46] - Found column "DR", data type 1, in table "WM.SYS_USER"
[2017-07-08 10:06:44.790] [DEBUG] [main] [org.mybatis.generator.internal.db.DatabaseIntrospector:46] - Found column "TS", data type 12, in table "WM.SYS_USER"
[2017-07-08 10:06:44.791] [DEBUG] [main] [org.mybatis.generator.internal.db.DatabaseIntrospector:46] - Found column "REMARK", data type 12, in table "WM.SYS_USER"
[2017-07-08 10:21:04.063] [DEBUG] [main] [org.mybatis.generator.internal.db.DatabaseIntrospector:46] - Retrieving column information for table "WM.SYS_USER"
[2017-07-08 10:21:04.154] [DEBUG] [main] [org.mybatis.generator.internal.db.DatabaseIntrospector:46] - Found column "PK_SYS_USER", data type 12, in table "WM.SYS_USER"
[2017-07-08 10:21:04.157] [DEBUG] [main] [org.mybatis.generator.internal.db.DatabaseIntrospector:46] - Found column "USERCODE", data type 12, in table "WM.SYS_USER"
[2017-07-08 10:21:04.159] [DEBUG] [main] [org.mybatis.generator.internal.db.DatabaseIntrospector:46] - Found column "USERNAME", data type 12, in table "WM.SYS_USER"
[2017-07-08 10:21:04.160] [DEBUG] [main] [org.mybatis.generator.internal.db.DatabaseIntrospector:46] - Found column "PWD", data type 12, in table "WM.SYS_USER"
[2017-07-08 10:21:04.162] [DEBUG] [main] [org.mybatis.generator.internal.db.DatabaseIntrospector:46] - Found column "TABMODE", data type 1, in table "WM.SYS_USER"
[2017-07-08 10:21:04.163] [DEBUG] [main] [org.mybatis.generator.internal.db.DatabaseIntrospector:46] - Found column "THEME", data type 12, in table "WM.SYS_USER"
[2017-07-08 10:21:04.165] [DEBUG] [main] [org.mybatis.generator.internal.db.DatabaseIntrospector:46] - Found column "FLAG", data type 1, in table "WM.SYS_USER"
[2017-07-08 10:21:04.166] [DEBUG] [main] [org.mybatis.generator.internal.db.DatabaseIntrospector:46] - Found column "CREATEUSER", data type 12, in table "WM.SYS_USER"
[2017-07-08 10:21:04.168] [DEBUG] [main] [org.mybatis.generator.internal.db.DatabaseIntrospector:46] - Found column "DR", data type 1, in table "WM.SYS_USER"
[2017-07-08 10:21:04.169] [DEBUG] [main] [org.mybatis.generator.internal.db.DatabaseIntrospector:46] - Found column "TS", data type 12, in table "WM.SYS_USER"
[2017-07-08 10:21:04.171] [DEBUG] [main] [org.mybatis.generator.internal.db.DatabaseIntrospector:46] - Found column "REMARK", data type 12, in table "WM.SYS_USER"
[2017-07-08 10:21:04.173] [DEBUG] [main] [org.mybatis.generator.internal.db.DatabaseIntrospector:46] - Found override for column "USERNAME" in table "WM.SYS_USER"
[2017-07-08 10:25:40.026] [DEBUG] [main] [org.mybatis.generator.internal.db.DatabaseIntrospector:46] - Retrieving column information for table "WM.SYS_USER"
[2017-07-08 10:25:40.106] [DEBUG] [main] [org.mybatis.generator.internal.db.DatabaseIntrospector:46] - Found column "PK_SYS_USER", data type 12, in table "WM.SYS_USER"
[2017-07-08 10:25:40.109] [DEBUG] [main] [org.mybatis.generator.internal.db.DatabaseIntrospector:46] - Found column "USERCODE", data type 12, in table "WM.SYS_USER"
[2017-07-08 10:25:40.111] [DEBUG] [main] [org.mybatis.generator.internal.db.DatabaseIntrospector:46] - Found column "USERNAME", data type 12, in table "WM.SYS_USER"
[2017-07-08 10:25:40.112] [DEBUG] [main] [org.mybatis.generator.internal.db.DatabaseIntrospector:46] - Found column "PWD", data type 12, in table "WM.SYS_USER"
[2017-07-08 10:25:40.114] [DEBUG] [main] [org.mybatis.generator.internal.db.DatabaseIntrospector:46] - Found column "TABMODE", data type 1, in table "WM.SYS_USER"
[2017-07-08 10:25:40.115] [DEBUG] [main] [org.mybatis.generator.internal.db.DatabaseIntrospector:46] - Found column "THEME", data type 12, in table "WM.SYS_USER"
[2017-07-08 10:25:40.117] [DEBUG] [main] [org.mybatis.generator.internal.db.DatabaseIntrospector:46] - Found column "FLAG", data type 1, in table "WM.SYS_USER"
[2017-07-08 10:25:40.118] [DEBUG] [main] [org.mybatis.generator.internal.db.DatabaseIntrospector:46] - Found column "CREATEUSER", data type 12, in table "WM.SYS_USER"
[2017-07-08 10:25:40.120] [DEBUG] [main] [org.mybatis.generator.internal.db.DatabaseIntrospector:46] - Found column "DR", data type 1, in table "WM.SYS_USER"
[2017-07-08 10:25:40.121] [DEBUG] [main] [org.mybatis.generator.internal.db.DatabaseIntrospector:46] - Found column "TS", data type 12, in table "WM.SYS_USER"
[2017-07-08 10:25:40.123] [DEBUG] [main] [org.mybatis.generator.internal.db.DatabaseIntrospector:46] - Found column "REMARK", data type 12, in table "WM.SYS_USER"
[2017-07-08 10:25:40.125] [DEBUG] [main] [org.mybatis.generator.internal.db.DatabaseIntrospector:46] - Found override for column "USERNAME" in table "WM.SYS_USER"
[2017-07-08 10:27:09.370] [DEBUG] [main] [org.mybatis.generator.internal.db.DatabaseIntrospector:46] - Retrieving column information for table "WM.SYS_USER"
[2017-07-08 10:27:09.450] [DEBUG] [main] [org.mybatis.generator.internal.db.DatabaseIntrospector:46] - Found column "PK_SYS_USER", data type 12, in table "WM.SYS_USER"
[2017-07-08 10:27:09.453] [DEBUG] [main] [org.mybatis.generator.internal.db.DatabaseIntrospector:46] - Found column "USERCODE", data type 12, in table "WM.SYS_USER"
[2017-07-08 10:27:09.455] [DEBUG] [main] [org.mybatis.generator.internal.db.DatabaseIntrospector:46] - Found column "USERNAME", data type 12, in table "WM.SYS_USER"
[2017-07-08 10:27:09.456] [DEBUG] [main] [org.mybatis.generator.internal.db.DatabaseIntrospector:46] - Found column "PWD", data type 12, in table "WM.SYS_USER"
[2017-07-08 10:27:09.458] [DEBUG] [main] [org.mybatis.generator.internal.db.DatabaseIntrospector:46] - Found column "TABMODE", data type 1, in table "WM.SYS_USER"
[2017-07-08 10:27:09.459] [DEBUG] [main] [org.mybatis.generator.internal.db.DatabaseIntrospector:46] - Found column "THEME", data type 12, in table "WM.SYS_USER"
[2017-07-08 10:27:09.461] [DEBUG] [main] [org.mybatis.generator.internal.db.DatabaseIntrospector:46] - Found column "FLAG", data type 1, in table "WM.SYS_USER"
[2017-07-08 10:27:09.462] [DEBUG] [main] [org.mybatis.generator.internal.db.DatabaseIntrospector:46] - Found column "CREATEUSER", data type 12, in table "WM.SYS_USER"
[2017-07-08 10:27:09.463] [DEBUG] [main] [org.mybatis.generator.internal.db.DatabaseIntrospector:46] - Found column "DR", data type 1, in table "WM.SYS_USER"
[2017-07-08 10:27:09.464] [DEBUG] [main] [org.mybatis.generator.internal.db.DatabaseIntrospector:46] - Found column "TS", data type 12, in table "WM.SYS_USER"
[2017-07-08 10:27:09.466] [DEBUG] [main] [org.mybatis.generator.internal.db.DatabaseIntrospector:46] - Found column "REMARK", data type 12, in table "WM.SYS_USER"
[2017-07-08 10:27:09.468] [DEBUG] [main] [org.mybatis.generator.internal.db.DatabaseIntrospector:46] - Found override for column "USERNAME" in table "WM.SYS_USER"
[2017-07-08 10:28:45.640] [DEBUG] [main] [org.mybatis.generator.internal.db.DatabaseIntrospector:46] - Retrieving column information for table "WM.SYS_USER"
[2017-07-08 10:28:45.721] [DEBUG] [main] [org.mybatis.generator.internal.db.DatabaseIntrospector:46] - Found column "PK_SYS_USER", data type 12, in table "WM.SYS_USER"
[2017-07-08 10:28:45.724] [DEBUG] [main] [org.mybatis.generator.internal.db.DatabaseIntrospector:46] - Found column "USERCODE", data type 12, in table "WM.SYS_USER"
[2017-07-08 10:28:45.725] [DEBUG] [main] [org.mybatis.generator.internal.db.DatabaseIntrospector:46] - Found column "USERNAME", data type 12, in table "WM.SYS_USER"
[2017-07-08 10:28:45.727] [DEBUG] [main] [org.mybatis.generator.internal.db.DatabaseIntrospector:46] - Found column "PWD", data type 12, in table "WM.SYS_USER"
[2017-07-08 10:28:45.728] [DEBUG] [main] [org.mybatis.generator.internal.db.DatabaseIntrospector:46] - Found column "TABMODE", data type 1, in table "WM.SYS_USER"
[2017-07-08 10:28:45.730] [DEBUG] [main] [org.mybatis.generator.internal.db.DatabaseIntrospector:46] - Found column "THEME", data type 12, in table "WM.SYS_USER"
[2017-07-08 10:28:45.731] [DEBUG] [main] [org.mybatis.generator.internal.db.DatabaseIntrospector:46] - Found column "FLAG", data type 1, in table "WM.SYS_USER"
[2017-07-08 10:28:45.733] [DEBUG] [main] [org.mybatis.generator.internal.db.DatabaseIntrospector:46] - Found column "CREATEUSER", data type 12, in table "WM.SYS_USER"
[2017-07-08 10:28:45.734] [DEBUG] [main] [org.mybatis.generator.internal.db.DatabaseIntrospector:46] - Found column "DR", data type 1, in table "WM.SYS_USER"
[2017-07-08 10:28:45.736] [DEBUG] [main] [org.mybatis.generator.internal.db.DatabaseIntrospector:46] - Found column "TS", data type 12, in table "WM.SYS_USER"
[2017-07-08 10:28:45.737] [DEBUG] [main] [org.mybatis.generator.internal.db.DatabaseIntrospector:46] - Found column "REMARK", data type 12, in table "WM.SYS_USER"
[2017-07-08 10:28:45.740] [DEBUG] [main] [org.mybatis.generator.internal.db.DatabaseIntrospector:46] - Found override for column "USERNAME" in table "WM.SYS_USER"
[2017-07-08 10:31:08.082] [DEBUG] [main] [org.mybatis.generator.internal.db.DatabaseIntrospector:46] - Retrieving column information for table "WM.SYS_USER"
[2017-07-08 10:31:08.162] [DEBUG] [main] [org.mybatis.generator.internal.db.DatabaseIntrospector:46] - Found column "PK_SYS_USER", data type 12, in table "WM.SYS_USER"
[2017-07-08 10:31:08.165] [DEBUG] [main] [org.mybatis.generator.internal.db.DatabaseIntrospector:46] - Found column "USERCODE", data type 12, in table "WM.SYS_USER"
[2017-07-08 10:31:08.166] [DEBUG] [main] [org.mybatis.generator.internal.db.DatabaseIntrospector:46] - Found column "USERNAME", data type 12, in table "WM.SYS_USER"
[2017-07-08 10:31:08.168] [DEBUG] [main] [org.mybatis.generator.internal.db.DatabaseIntrospector:46] - Found column "PWD", data type 12, in table "WM.SYS_USER"
[2017-07-08 10:31:08.170] [DEBUG] [main] [org.mybatis.generator.internal.db.DatabaseIntrospector:46] - Found column "TABMODE", data type 1, in table "WM.SYS_USER"
[2017-07-08 10:31:08.171] [DEBUG] [main] [org.mybatis.generator.internal.db.DatabaseIntrospector:46] - Found column "THEME", data type 12, in table "WM.SYS_USER"
[2017-07-08 10:31:08.173] [DEBUG] [main] [org.mybatis.generator.internal.db.DatabaseIntrospector:46] - Found column "FLAG", data type 1, in table "WM.SYS_USER"
[2017-07-08 10:31:08.174] [DEBUG] [main] [org.mybatis.generator.internal.db.DatabaseIntrospector:46] - Found column "CREATEUSER", data type 12, in table "WM.SYS_USER"
[2017-07-08 10:31:08.176] [DEBUG] [main] [org.mybatis.generator.internal.db.DatabaseIntrospector:46] - Found column "DR", data type 1, in table "WM.SYS_USER"
[2017-07-08 10:31:08.177] [DEBUG] [main] [org.mybatis.generator.internal.db.DatabaseIntrospector:46] - Found column "TS", data type 12, in table "WM.SYS_USER"
[2017-07-08 10:31:08.180] [DEBUG] [main] [org.mybatis.generator.internal.db.DatabaseIntrospector:46] - Found column "REMARK", data type 12, in table "WM.SYS_USER"
[2017-07-08 10:31:08.182] [DEBUG] [main] [org.mybatis.generator.internal.db.DatabaseIntrospector:46] - Found override for column "USERNAME" in table "WM.SYS_USER"
[2017-07-08 10:32:58.164] [DEBUG] [main] [org.mybatis.generator.internal.db.DatabaseIntrospector:46] - Retrieving column information for table "WM.SYS_USER"
[2017-07-08 10:32:58.243] [DEBUG] [main] [org.mybatis.generator.internal.db.DatabaseIntrospector:46] - Found column "PK_SYS_USER", data type 12, in table "WM.SYS_USER"
[2017-07-08 10:32:58.246] [DEBUG] [main] [org.mybatis.generator.internal.db.DatabaseIntrospector:46] - Found column "USERCODE", data type 12, in table "WM.SYS_USER"
[2017-07-08 10:32:58.248] [DEBUG] [main] [org.mybatis.generator.internal.db.DatabaseIntrospector:46] - Found column "USERNAME", data type 12, in table "WM.SYS_USER"
[2017-07-08 10:32:58.249] [DEBUG] [main] [org.mybatis.generator.internal.db.DatabaseIntrospector:46] - Found column "PWD", data type 12, in table "WM.SYS_USER"
[2017-07-08 10:32:58.251] [DEBUG] [main] [org.mybatis.generator.internal.db.DatabaseIntrospector:46] - Found column "TABMODE", data type 1, in table "WM.SYS_USER"
[2017-07-08 10:32:58.252] [DEBUG] [main] [org.mybatis.generator.internal.db.DatabaseIntrospector:46] - Found column "THEME", data type 12, in table "WM.SYS_USER"
[2017-07-08 10:32:58.253] [DEBUG] [main] [org.mybatis.generator.internal.db.DatabaseIntrospector:46] - Found column "FLAG", data type 1, in table "WM.SYS_USER"
[2017-07-08 10:32:58.254] [DEBUG] [main] [org.mybatis.generator.internal.db.DatabaseIntrospector:46] - Found column "CREATEUSER", data type 12, in table "WM.SYS_USER"
[2017-07-08 10:32:58.255] [DEBUG] [main] [org.mybatis.generator.internal.db.DatabaseIntrospector:46] - Found column "DR", data type 1, in table "WM.SYS_USER"
[2017-07-08 10:32:58.256] [DEBUG] [main] [org.mybatis.generator.internal.db.DatabaseIntrospector:46] - Found column "TS", data type 12, in table "WM.SYS_USER"
[2017-07-08 10:32:58.258] [DEBUG] [main] [org.mybatis.generator.internal.db.DatabaseIntrospector:46] - Found column "REMARK", data type 12, in table "WM.SYS_USER"
[2017-07-08 10:32:58.260] [DEBUG] [main] [org.mybatis.generator.internal.db.DatabaseIntrospector:46] - Found override for column "USERNAME" in table "WM.SYS_USER"
[2017-07-08 11:12:13.234] [DEBUG] [main] [org.mybatis.generator.internal.db.DatabaseIntrospector:46] - Retrieving column information for table "WM.SYS_MENU"
[2017-07-08 11:12:13.400] [DEBUG] [main] [org.mybatis.generator.internal.db.DatabaseIntrospector:46] - Found column "PK_SYS_MENU", data type 12, in table "WM.SYS_MENU"
[2017-07-08 11:12:13.403] [DEBUG] [main] [org.mybatis.generator.internal.db.DatabaseIntrospector:46] - Found column "MENUCODE", data type 12, in table "WM.SYS_MENU"
[2017-07-08 11:12:13.405] [DEBUG] [main] [org.mybatis.generator.internal.db.DatabaseIntrospector:46] - Found column "MENUNAME", data type 12, in table "WM.SYS_MENU"
[2017-07-08 11:12:13.406] [DEBUG] [main] [org.mybatis.generator.internal.db.DatabaseIntrospector:46] - Found column "DISPLAYNAME", data type 12, in table "WM.SYS_MENU"
[2017-07-08 11:12:13.408] [DEBUG] [main] [org.mybatis.generator.internal.db.DatabaseIntrospector:46] - Found column "DISPLAYORDER", data type 3, in table "WM.SYS_MENU"
[2017-07-08 11:12:13.410] [DEBUG] [main] [org.mybatis.generator.internal.db.DatabaseIntrospector:46] - Found column "LEV", data type 3, in table "WM.SYS_MENU"
[2017-07-08 11:12:13.411] [DEBUG] [main] [org.mybatis.generator.internal.db.DatabaseIntrospector:46] - Found column "PARENTCODE", data type 12, in table "WM.SYS_MENU"
[2017-07-08 11:12:13.412] [DEBUG] [main] [org.mybatis.generator.internal.db.DatabaseIntrospector:46] - Found column "ICONCLS", data type 12, in table "WM.SYS_MENU"
[2017-07-08 11:12:13.414] [DEBUG] [main] [org.mybatis.generator.internal.db.DatabaseIntrospector:46] - Found column "URL", data type 12, in table "WM.SYS_MENU"
[2017-07-08 11:12:13.415] [DEBUG] [main] [org.mybatis.generator.internal.db.DatabaseIntrospector:46] - Found column "ENABLEFLAG", data type 1, in table "WM.SYS_MENU"
[2017-07-08 11:12:13.417] [DEBUG] [main] [org.mybatis.generator.internal.db.DatabaseIntrospector:46] - Found column "ADMINFLAG", data type 1, in table "WM.SYS_MENU"
[2017-07-08 11:12:13.418] [DEBUG] [main] [org.mybatis.generator.internal.db.DatabaseIntrospector:46] - Found column "MENUTYPE", data type 1, in table "WM.SYS_MENU"
[2017-07-08 11:12:13.419] [DEBUG] [main] [org.mybatis.generator.internal.db.DatabaseIntrospector:46] - Found column "REMARK", data type 12, in table "WM.SYS_MENU"
[2017-07-08 11:12:13.421] [DEBUG] [main] [org.mybatis.generator.internal.db.DatabaseIntrospector:46] - Found column "CREATEUSER", data type 12, in table "WM.SYS_MENU"
[2017-07-08 11:12:13.423] [DEBUG] [main] [org.mybatis.generator.internal.db.DatabaseIntrospector:46] - Found column "TS", data type 12, in table "WM.SYS_MENU"
[2017-07-08 11:12:13.426] [DEBUG] [main] [org.mybatis.generator.internal.db.DatabaseIntrospector:46] - Found column "DR", data type 1, in table "WM.SYS_MENU"
[2017-07-08 11:13:00.792] [DEBUG] [main] [org.mybatis.generator.internal.db.DatabaseIntrospector:46] - Retrieving column information for table "WM.SYS_ORG"
[2017-07-08 11:13:00.872] [DEBUG] [main] [org.mybatis.generator.internal.db.DatabaseIntrospector:46] - Found column "PK_SYS_ORG", data type 12, in table "WM.SYS_ORG"
[2017-07-08 11:13:00.875] [DEBUG] [main] [org.mybatis.generator.internal.db.DatabaseIntrospector:46] - Found column "ORGCODE", data type 12, in table "WM.SYS_ORG"
[2017-07-08 11:13:00.877] [DEBUG] [main] [org.mybatis.generator.internal.db.DatabaseIntrospector:46] - Found column "ORGNAME", data type 12, in table "WM.SYS_ORG"
[2017-07-08 11:13:00.877] [DEBUG] [main] [org.mybatis.generator.internal.db.DatabaseIntrospector:46] - Found column "PARENTCODE", data type 12, in table "WM.SYS_ORG"
[2017-07-08 11:13:00.878] [DEBUG] [main] [org.mybatis.generator.internal.db.DatabaseIntrospector:46] - Found column "DISPLAYORDER", data type 3, in table "WM.SYS_ORG"
[2017-07-08 11:13:00.880] [DEBUG] [main] [org.mybatis.generator.internal.db.DatabaseIntrospector:46] - Found column "DUTY", data type 12, in table "WM.SYS_ORG"
[2017-07-08 11:13:00.881] [DEBUG] [main] [org.mybatis.generator.internal.db.DatabaseIntrospector:46] - Found column "ENABLEFLAG", data type 1, in table "WM.SYS_ORG"
[2017-07-08 11:13:00.883] [DEBUG] [main] [org.mybatis.generator.internal.db.DatabaseIntrospector:46] - Found column "REMARK", data type 12, in table "WM.SYS_ORG"
[2017-07-08 11:13:00.884] [DEBUG] [main] [org.mybatis.generator.internal.db.DatabaseIntrospector:46] - Found column "CREATEUSER", data type 12, in table "WM.SYS_ORG"
[2017-07-08 11:13:00.886] [DEBUG] [main] [org.mybatis.generator.internal.db.DatabaseIntrospector:46] - Found column "TS", data type 12, in table "WM.SYS_ORG"
[2017-07-08 11:13:00.887] [DEBUG] [main] [org.mybatis.generator.internal.db.DatabaseIntrospector:46] - Found column "DR", data type 1, in table "WM.SYS_ORG"
[2017-07-08 11:13:40.087] [DEBUG] [main] [org.mybatis.generator.internal.db.DatabaseIntrospector:46] - Retrieving column information for table "WM.SYS_ROLE"
[2017-07-08 11:13:40.168] [DEBUG] [main] [org.mybatis.generator.internal.db.DatabaseIntrospector:46] - Found column "PK_SYS_ROLE", data type 12, in table "WM.SYS_ROLE"
[2017-07-08 11:13:40.171] [DEBUG] [main] [org.mybatis.generator.internal.db.DatabaseIntrospector:46] - Found column "ROLECODE", data type 12, in table "WM.SYS_ROLE"
[2017-07-08 11:13:40.173] [DEBUG] [main] [org.mybatis.generator.internal.db.DatabaseIntrospector:46] - Found column "ROLENAME", data type 12, in table "WM.SYS_ROLE"
[2017-07-08 11:13:40.174] [DEBUG] [main] [org.mybatis.generator.internal.db.DatabaseIntrospector:46] - Found column "CREATEUSER", data type 12, in table "WM.SYS_ROLE"
[2017-07-08 11:13:40.176] [DEBUG] [main] [org.mybatis.generator.internal.db.DatabaseIntrospector:46] - Found column "DR", data type 1, in table "WM.SYS_ROLE"
[2017-07-08 11:13:40.177] [DEBUG] [main] [org.mybatis.generator.internal.db.DatabaseIntrospector:46] - Found column "TS", data type 12, in table "WM.SYS_ROLE"
[2017-07-08 11:13:40.179] [DEBUG] [main] [org.mybatis.generator.internal.db.DatabaseIntrospector:46] - Found column "REMARK", data type 12, in table "WM.SYS_ROLE"
[2017-07-08 11:17:04.335] [DEBUG] [main] [org.mybatis.generator.internal.db.DatabaseIntrospector:46] - Retrieving column information for table "WM.SYS_ROLE"
[2017-07-08 11:17:04.415] [DEBUG] [main] [org.mybatis.generator.internal.db.DatabaseIntrospector:46] - Found column "PK_SYS_ROLE", data type 12, in table "WM.SYS_ROLE"
[2017-07-08 11:17:04.418] [DEBUG] [main] [org.mybatis.generator.internal.db.DatabaseIntrospector:46] - Found column "ROLECODE", data type 12, in table "WM.SYS_ROLE"
[2017-07-08 11:17:04.420] [DEBUG] [main] [org.mybatis.generator.internal.db.DatabaseIntrospector:46] - Found column "ROLENAME", data type 12, in table "WM.SYS_ROLE"
[2017-07-08 11:17:04.421] [DEBUG] [main] [org.mybatis.generator.internal.db.DatabaseIntrospector:46] - Found column "CREATEUSER", data type 12, in table "WM.SYS_ROLE"
[2017-07-08 11:17:04.423] [DEBUG] [main] [org.mybatis.generator.internal.db.DatabaseIntrospector:46] - Found column "DR", data type 1, in table "WM.SYS_ROLE"
[2017-07-08 11:17:04.425] [DEBUG] [main] [org.mybatis.generator.internal.db.DatabaseIntrospector:46] - Found column "TS", data type 12, in table "WM.SYS_ROLE"
[2017-07-08 11:17:04.426] [DEBUG] [main] [org.mybatis.generator.internal.db.DatabaseIntrospector:46] - Found column "REMARK", data type 12, in table "WM.SYS_ROLE"
[2017-07-08 11:19:19.640] [DEBUG] [main] [org.mybatis.generator.internal.db.DatabaseIntrospector:46] - Retrieving column information for table "WM.SYS_MENU"
[2017-07-08 11:19:19.722] [DEBUG] [main] [org.mybatis.generator.internal.db.DatabaseIntrospector:46] - Found column "PK_SYS_MENU", data type 12, in table "WM.SYS_MENU"
[2017-07-08 11:19:19.725] [DEBUG] [main] [org.mybatis.generator.internal.db.DatabaseIntrospector:46] - Found column "MENUCODE", data type 12, in table "WM.SYS_MENU"
[2017-07-08 11:19:19.727] [DEBUG] [main] [org.mybatis.generator.internal.db.DatabaseIntrospector:46] - Found column "MENUNAME", data type 12, in table "WM.SYS_MENU"
[2017-07-08 11:19:19.728] [DEBUG] [main] [org.mybatis.generator.internal.db.DatabaseIntrospector:46] - Found column "DISPLAYNAME", data type 12, in table "WM.SYS_MENU"
[2017-07-08 11:19:19.730] [DEBUG] [main] [org.mybatis.generator.internal.db.DatabaseIntrospector:46] - Found column "DISPLAYORDER", data type 3, in table "WM.SYS_MENU"
[2017-07-08 11:19:19.731] [DEBUG] [main] [org.mybatis.generator.internal.db.DatabaseIntrospector:46] - Found column "LEV", data type 3, in table "WM.SYS_MENU"
[2017-07-08 11:19:19.733] [DEBUG] [main] [org.mybatis.generator.internal.db.DatabaseIntrospector:46] - Found column "PARENTCODE", data type 12, in table "WM.SYS_MENU"
[2017-07-08 11:19:19.734] [DEBUG] [main] [org.mybatis.generator.internal.db.DatabaseIntrospector:46] - Found column "ICONCLS", data type 12, in table "WM.SYS_MENU"
[2017-07-08 11:19:19.735] [DEBUG] [main] [org.mybatis.generator.internal.db.DatabaseIntrospector:46] - Found column "URL", data type 12, in table "WM.SYS_MENU"
[2017-07-08 11:19:19.737] [DEBUG] [main] [org.mybatis.generator.internal.db.DatabaseIntrospector:46] - Found column "ENABLEFLAG", data type 1, in table "WM.SYS_MENU"
[2017-07-08 11:19:19.739] [DEBUG] [main] [org.mybatis.generator.internal.db.DatabaseIntrospector:46] - Found column "ADMINFLAG", data type 1, in table "WM.SYS_MENU"
[2017-07-08 11:19:19.740] [DEBUG] [main] [org.mybatis.generator.internal.db.DatabaseIntrospector:46] - Found column "MENUTYPE", data type 1, in table "WM.SYS_MENU"
[2017-07-08 11:19:19.742] [DEBUG] [main] [org.mybatis.generator.internal.db.DatabaseIntrospector:46] - Found column "REMARK", data type 12, in table "WM.SYS_MENU"
[2017-07-08 11:19:19.743] [DEBUG] [main] [org.mybatis.generator.internal.db.DatabaseIntrospector:46] - Found column "CREATEUSER", data type 12, in table "WM.SYS_MENU"
[2017-07-08 11:19:19.746] [DEBUG] [main] [org.mybatis.generator.internal.db.DatabaseIntrospector:46] - Found column "TS", data type 12, in table "WM.SYS_MENU"
[2017-07-08 11:19:19.749] [DEBUG] [main] [org.mybatis.generator.internal.db.DatabaseIntrospector:46] - Found column "DR", data type 1, in table "WM.SYS_MENU"
[2017-07-08 11:20:07.498] [DEBUG] [main] [org.mybatis.generator.internal.db.DatabaseIntrospector:46] - Retrieving column information for table "WM.SYS_ORG"
[2017-07-08 11:20:07.584] [DEBUG] [main] [org.mybatis.generator.internal.db.DatabaseIntrospector:46] - Found column "PK_SYS_ORG", data type 12, in table "WM.SYS_ORG"
[2017-07-08 11:20:07.587] [DEBUG] [main] [org.mybatis.generator.internal.db.DatabaseIntrospector:46] - Found column "ORGCODE", data type 12, in table "WM.SYS_ORG"
[2017-07-08 11:20:07.589] [DEBUG] [main] [org.mybatis.generator.internal.db.DatabaseIntrospector:46] - Found column "ORGNAME", data type 12, in table "WM.SYS_ORG"
[2017-07-08 11:20:07.590] [DEBUG] [main] [org.mybatis.generator.internal.db.DatabaseIntrospector:46] - Found column "PARENTCODE", data type 12, in table "WM.SYS_ORG"
[2017-07-08 11:20:07.592] [DEBUG] [main] [org.mybatis.generator.internal.db.DatabaseIntrospector:46] - Found column "DISPLAYORDER", data type 3, in table "WM.SYS_ORG"
[2017-07-08 11:20:07.594] [DEBUG] [main] [org.mybatis.generator.internal.db.DatabaseIntrospector:46] - Found column "DUTY", data type 12, in table "WM.SYS_ORG"
[2017-07-08 11:20:07.595] [DEBUG] [main] [org.mybatis.generator.internal.db.DatabaseIntrospector:46] - Found column "ENABLEFLAG", data type 1, in table "WM.SYS_ORG"
[2017-07-08 11:20:07.597] [DEBUG] [main] [org.mybatis.generator.internal.db.DatabaseIntrospector:46] - Found column "REMARK", data type 12, in table "WM.SYS_ORG"
[2017-07-08 11:20:07.598] [DEBUG] [main] [org.mybatis.generator.internal.db.DatabaseIntrospector:46] - Found column "CREATEUSER", data type 12, in table "WM.SYS_ORG"
[2017-07-08 11:20:07.600] [DEBUG] [main] [org.mybatis.generator.internal.db.DatabaseIntrospector:46] - Found column "TS", data type 12, in table "WM.SYS_ORG"
[2017-07-08 11:20:07.601] [DEBUG] [main] [org.mybatis.generator.internal.db.DatabaseIntrospector:46] - Found column "DR", data type 1, in table "WM.SYS_ORG"
[2017-07-08 11:20:28.754] [DEBUG] [main] [org.mybatis.generator.internal.db.DatabaseIntrospector:46] - Retrieving column information for table "WM.SYS_ROLE"
[2017-07-08 11:20:28.835] [DEBUG] [main] [org.mybatis.generator.internal.db.DatabaseIntrospector:46] - Found column "PK_SYS_ROLE", data type 12, in table "WM.SYS_ROLE"
[2017-07-08 11:20:28.838] [DEBUG] [main] [org.mybatis.generator.internal.db.DatabaseIntrospector:46] - Found column "ROLECODE", data type 12, in table "WM.SYS_ROLE"
[2017-07-08 11:20:28.840] [DEBUG] [main] [org.mybatis.generator.internal.db.DatabaseIntrospector:46] - Found column "ROLENAME", data type 12, in table "WM.SYS_ROLE"
[2017-07-08 11:20:28.841] [DEBUG] [main] [org.mybatis.generator.internal.db.DatabaseIntrospector:46] - Found column "CREATEUSER", data type 12, in table "WM.SYS_ROLE"
[2017-07-08 11:20:28.843] [DEBUG] [main] [org.mybatis.generator.internal.db.DatabaseIntrospector:46] - Found column "DR", data type 1, in table "WM.SYS_ROLE"
[2017-07-08 11:20:28.845] [DEBUG] [main] [org.mybatis.generator.internal.db.DatabaseIntrospector:46] - Found column "TS", data type 12, in table "WM.SYS_ROLE"
[2017-07-08 11:20:28.847] [DEBUG] [main] [org.mybatis.generator.internal.db.DatabaseIntrospector:46] - Found column "REMARK", data type 12, in table "WM.SYS_ROLE"
[2017-07-08 11:20:47.590] [DEBUG] [main] [org.mybatis.generator.internal.db.DatabaseIntrospector:46] - Retrieving column information for table "WM.SYS_USER"
[2017-07-08 11:20:47.674] [DEBUG] [main] [org.mybatis.generator.internal.db.DatabaseIntrospector:46] - Found column "PK_SYS_USER", data type 12, in table "WM.SYS_USER"
[2017-07-08 11:20:47.677] [DEBUG] [main] [org.mybatis.generator.internal.db.DatabaseIntrospector:46] - Found column "USERCODE", data type 12, in table "WM.SYS_USER"
[2017-07-08 11:20:47.678] [DEBUG] [main] [org.mybatis.generator.internal.db.DatabaseIntrospector:46] - Found column "USERNAME", data type 12, in table "WM.SYS_USER"
[2017-07-08 11:20:47.680] [DEBUG] [main] [org.mybatis.generator.internal.db.DatabaseIntrospector:46] - Found column "PWD", data type 12, in table "WM.SYS_USER"
[2017-07-08 11:20:47.682] [DEBUG] [main] [org.mybatis.generator.internal.db.DatabaseIntrospector:46] - Found column "TABMODE", data type 1, in table "WM.SYS_USER"
[2017-07-08 11:20:47.683] [DEBUG] [main] [org.mybatis.generator.internal.db.DatabaseIntrospector:46] - Found column "THEME", data type 12, in table "WM.SYS_USER"
[2017-07-08 11:20:47.685] [DEBUG] [main] [org.mybatis.generator.internal.db.DatabaseIntrospector:46] - Found column "FLAG", data type 1, in table "WM.SYS_USER"
[2017-07-08 11:20:47.686] [DEBUG] [main] [org.mybatis.generator.internal.db.DatabaseIntrospector:46] - Found column "CREATEUSER", data type 12, in table "WM.SYS_USER"
[2017-07-08 11:20:47.687] [DEBUG] [main] [org.mybatis.generator.internal.db.DatabaseIntrospector:46] - Found column "DR", data type 1, in table "WM.SYS_USER"
[2017-07-08 11:20:47.689] [DEBUG] [main] [org.mybatis.generator.internal.db.DatabaseIntrospector:46] - Found column "TS", data type 12, in table "WM.SYS_USER"
[2017-07-08 11:20:47.690] [DEBUG] [main] [org.mybatis.generator.internal.db.DatabaseIntrospector:46] - Found column "REMARK", data type 12, in table "WM.SYS_USER"
[2017-07-08 11:20:47.693] [DEBUG] [main] [org.mybatis.generator.internal.db.DatabaseIntrospector:46] - Found override for column "USERNAME" in table "WM.SYS_USER"
[2017-07-10 14:50:25.882] [DEBUG] [main] [org.mybatis.generator.internal.db.DatabaseIntrospector:46] - Retrieving column information for table "WM.SYS_USER"
[2017-07-10 14:50:25.995] [DEBUG] [main] [org.mybatis.generator.internal.db.DatabaseIntrospector:46] - Found column "PK_SYS_USER", data type 12, in table "WM.SYS_USER"
[2017-07-10 14:50:25.998] [DEBUG] [main] [org.mybatis.generator.internal.db.DatabaseIntrospector:46] - Found column "USERCODE", data type 12, in table "WM.SYS_USER"
[2017-07-10 14:50:26.000] [DEBUG] [main] [org.mybatis.generator.internal.db.DatabaseIntrospector:46] - Found column "USERNAME", data type 12, in table "WM.SYS_USER"
[2017-07-10 14:50:26.001] [DEBUG] [main] [org.mybatis.generator.internal.db.DatabaseIntrospector:46] - Found column "PWD", data type 12, in table "WM.SYS_USER"
[2017-07-10 14:50:26.003] [DEBUG] [main] [org.mybatis.generator.internal.db.DatabaseIntrospector:46] - Found column "TABMODE", data type 1, in table "WM.SYS_USER"
[2017-07-10 14:50:26.004] [DEBUG] [main] [org.mybatis.generator.internal.db.DatabaseIntrospector:46] - Found column "THEME", data type 12, in table "WM.SYS_USER"
[2017-07-10 14:50:26.006] [DEBUG] [main] [org.mybatis.generator.internal.db.DatabaseIntrospector:46] - Found column "FLAG", data type 1, in table "WM.SYS_USER"
[2017-07-10 14:50:26.007] [DEBUG] [main] [org.mybatis.generator.internal.db.DatabaseIntrospector:46] - Found column "CREATEUSER", data type 12, in table "WM.SYS_USER"
[2017-07-10 14:50:26.009] [DEBUG] [main] [org.mybatis.generator.internal.db.DatabaseIntrospector:46] - Found column "DR", data type 1, in table "WM.SYS_USER"
[2017-07-10 14:50:26.010] [DEBUG] [main] [org.mybatis.generator.internal.db.DatabaseIntrospector:46] - Found column "TS", data type 12, in table "WM.SYS_USER"
[2017-07-10 14:50:26.011] [DEBUG] [main] [org.mybatis.generator.internal.db.DatabaseIntrospector:46] - Found column "REMARK", data type 12, in table "WM.SYS_USER"
[2017-07-10 14:50:26.012] [DEBUG] [main] [org.mybatis.generator.internal.db.DatabaseIntrospector:46] - Found column "SEX", data type 1, in table "WM.SYS_USER"
[2017-07-10 14:50:26.014] [DEBUG] [main] [org.mybatis.generator.internal.db.DatabaseIntrospector:46] - Found column "MOBILE", data type 12, in table "WM.SYS_USER"
[2017-07-10 14:50:26.015] [DEBUG] [main] [org.mybatis.generator.internal.db.DatabaseIntrospector:46] - Found column "PK_SYS_ORG", data type 12, in table "WM.SYS_USER"
[2017-07-10 14:50:26.018] [DEBUG] [main] [org.mybatis.generator.internal.db.DatabaseIntrospector:46] - Found override for column "USERNAME" in table "WM.SYS_USER"
[2017-07-12 17:25:13.802] [DEBUG] [main] [org.mybatis.generator.internal.db.DatabaseIntrospector:46] - Retrieving column information for table "WM.SYS_USER_ROLE"
[2017-07-12 17:25:13.995] [DEBUG] [main] [org.mybatis.generator.internal.db.DatabaseIntrospector:46] - Found column "PK_SYS_USER_ROLE", data type 12, in table "WM.SYS_USER_ROLE"
[2017-07-12 17:25:13.998] [DEBUG] [main] [org.mybatis.generator.internal.db.DatabaseIntrospector:46] - Found column "PK_SYS_USER", data type 12, in table "WM.SYS_USER_ROLE"
[2017-07-12 17:25:13.999] [DEBUG] [main] [org.mybatis.generator.internal.db.DatabaseIntrospector:46] - Found column "PK_SYS_ROLE", data type 12, in table "WM.SYS_USER_ROLE"
[2017-07-12 17:25:14.000] [DEBUG] [main] [org.mybatis.generator.internal.db.DatabaseIntrospector:46] - Found column "TS", data type 12, in table "WM.SYS_USER_ROLE"
[2017-07-12 17:25:14.001] [DEBUG] [main] [org.mybatis.generator.internal.db.DatabaseIntrospector:46] - Found column "DR", data type 1, in table "WM.SYS_USER_ROLE"
